   ENTRADA   
<S>  ::= "a" <Q> "b" <P> 
 <Q>  ::= "a" <Q>  |  <P> "b" | ""
 <P>  ::= ""

   TOKENS   
<S> NONTERMINAL
::= PRODUCAO
"a" TERMINAL
<Q> NONTERMINAL
"b" TERMINAL
<P> NONTERMINAL
<Q> NONTERMINAL
::= PRODUCAO
"a" TERMINAL
<Q> NONTERMINAL
| PIPE
<P> NONTERMINAL
"b" TERMINAL
| PIPE
"" TERMINAL
<P> NONTERMINAL
::= PRODUCAO
"" TERMINAL

   GRAMÁTICA   
Não Terminais: 
<S>
<Q>
<P>

Produção: 
<S> ::= "a" <Q> "b" <P> 
<Q> ::= "a" <Q> 
<Q> ::= <P> "b" 
<Q> ::= "" 
<P> ::= "" 

   FIRST   
FIRST(<S>) = {"a"}
FIRST(<Q>) = {"a", ""}
FIRST(<P>) = {""}

   FOLLOW   
FOLLOW(<S>) = {$}
FOLLOW(<Q>) = {"b"}
FOLLOW(<P>) = {"b"}
