
   TOKENS   
<S> NONTERMINAL
::= PRODUCAO
"a" TERMINAL
<Q> NONTERMINAL
"b" TERMINAL
<P> NONTERMINAL
<Q> NONTERMINAL
::= PRODUCAO
"a" TERMINAL
<Q> NONTERMINAL
| PIPE
<P> NONTERMINAL
"b" TERMINAL
| PIPE
"a" TERMINAL
<P> NONTERMINAL
::= PRODUCAO
"b" TERMINAL

   GRAMÁTICA   
Não Terminais: 
<S>
<Q>
<P>

Produção: 
<S> ::= "a" <Q> "b" <P> 
<Q> ::= "a" <Q> 
<Q> ::= <P> "b" 
<Q> ::= "a" 
<P> ::= "b" 

   FIRST   
FIRST(<S>) = {"a"}
FIRST(<Q>) = {"a", "b"}
FIRST(<P>) = {"b"}

   FOLLOW   
FOLLOW(<S>) = {$}
FOLLOW(<Q>) = {"b"}
FOLLOW(<P>) = {"b"}
